

Microchip MPLAB XC8 Assembler V2.41 build 20230208172133 
                                                                                               Tue Dec 26 00:58:11 2023

Microchip MPLAB XC8 C Compiler v2.41 (Free license) build 20230208172133 Og1 
     1                           	processor	12F675
     2                           	pagewidth 120
     3                           	opt	flic
     4                           	psect	cinit,global,class=CODE,merge=1,delta=2
     5                           	psect	cstackBANK0,global,class=BANK0,space=1,delta=1,noexec
     6                           	psect	maintext,global,class=CODE,split=1,delta=2
     7                           	psect	text1,local,class=CODE,merge=1,delta=2
     8                           	psect	intentry,global,class=CODE,delta=2
     9                           	psect	config,global,abs,ovrld,class=CONFIG,space=4,delta=2,noexec
    10                           	dabs	1,0x0,0
    11     0000                     
    12                           ; Generated 21/04/2023 GMT
    13                           ; 
    14                           ; Copyright © 2023, Microchip Technology Inc. and its subsidiaries ("Microchip")
    15                           ; All rights reserved.
    16                           ; 
    17                           ; This software is developed by Microchip Technology Inc. and its subsidiaries ("Microch
      +                          ip").
    18                           ; 
    19                           ; Redistribution and use in source and binary forms, with or without modification, are
    20                           ; permitted provided that the following conditions are met:
    21                           ; 
    22                           ;     1. Redistributions of source code must retain the above copyright notice, this lis
      +                          t of
    23                           ;        conditions and the following disclaimer.
    24                           ; 
    25                           ;     2. Redistributions in binary form must reproduce the above copyright notice, this 
      +                          list
    26                           ;        of conditions and the following disclaimer in the documentation and/or other
    27                           ;        materials provided with the distribution. Publication is not required when
    28                           ;        this file is used in an embedded application.
    29                           ; 
    30                           ;     3. Microchip's name may not be used to endorse or promote products derived from th
      +                          is
    31                           ;        software without specific prior written permission.
    32                           ; 
    33                           ; THIS SOFTWARE IS PROVIDED BY MICROCHIP "AS IS" AND ANY EXPRESS OR IMPLIED WARRANTIES,
    34                           ; INCLUDING, BUT NOT LIMITED TO, THE IMPLIED WARRANTIES OF MERCHANTABILITY AND FITNESS F
      +                          OR
    35                           ; PURPOSE ARE DISCLAIMED.  IN NO EVENT SHALL MICROCHIP BE LIABLE FOR ANY DIRECT, INDIREC
      +                          T,
    36                           ; INCIDENTAL, SPECIAL, EXEMPLARY, OR CONSEQUENTIAL DAMAGES (INCLUDING BUT NOT LIMITED TO
    37                           ; PROCUREMENT OF SUBSTITUTE GOODS OR SERVICES; LOSS OF USE, DATA OR PROFITS; OR BUSINESS
    38                           ; INTERRUPTION) HOWSOEVER CAUSED AND ON ANY THEORY OF LIABILITY, WHETHER IN CONTRACT, ST
      +                          RICT
    39                           ; LIABILITY, OR TORT (INCLUDING NEGLIGENCE OR OTHERWISE) ARISING IN ANY WAY OUT OF THE U
      +                          SE OF
    40                           ; THIS SOFTWARE, EVEN IF ADVISED OF THE POSSIBILITY OF SUCH DAMAGE.
    41                           ; 
    42                           ; 
    43                           ; Code-generator required, PIC12F675 Definitions
    44                           ; 
    45                           ; SFR Addresses
    46     0000                     	;# 
    47     0001                     	;# 
    48     0002                     	;# 
    49     0003                     	;# 
    50     0004                     	;# 
    51     0005                     	;# 
    52     000A                     	;# 
    53     000B                     	;# 
    54     000C                     	;# 
    55     000E                     	;# 
    56     000E                     	;# 
    57     000F                     	;# 
    58     0010                     	;# 
    59     0019                     	;# 
    60     001E                     	;# 
    61     001F                     	;# 
    62     0081                     	;# 
    63     0085                     	;# 
    64     008C                     	;# 
    65     008E                     	;# 
    66     0090                     	;# 
    67     0095                     	;# 
    68     0096                     	;# 
    69     0096                     	;# 
    70     0099                     	;# 
    71     009A                     	;# 
    72     009A                     	;# 
    73     009B                     	;# 
    74     009C                     	;# 
    75     009D                     	;# 
    76     009E                     	;# 
    77     009F                     	;# 
    78     0000                     	;# 
    79     0001                     	;# 
    80     0002                     	;# 
    81     0003                     	;# 
    82     0004                     	;# 
    83     0005                     	;# 
    84     000A                     	;# 
    85     000B                     	;# 
    86     000C                     	;# 
    87     000E                     	;# 
    88     000E                     	;# 
    89     000F                     	;# 
    90     0010                     	;# 
    91     0019                     	;# 
    92     001E                     	;# 
    93     001F                     	;# 
    94     0081                     	;# 
    95     0085                     	;# 
    96     008C                     	;# 
    97     008E                     	;# 
    98     0090                     	;# 
    99     0095                     	;# 
   100     0096                     	;# 
   101     0096                     	;# 
   102     0099                     	;# 
   103     009A                     	;# 
   104     009A                     	;# 
   105     009B                     	;# 
   106     009C                     	;# 
   107     009D                     	;# 
   108     009E                     	;# 
   109     009F                     	;# 
   110     0005                     _GPIObits	set	5
   111     000C                     _PIR1	set	12
   112     0010                     _T1CON	set	16
   113     0019                     _CMCON	set	25
   114     0005                     _GPIO	set	5
   115     000B                     _INTCON	set	11
   116     000E                     _TMR1L	set	14
   117     000F                     _TMR1H	set	15
   118     000C                     _PIR1bits	set	12
   119     008C                     _PIE1	set	140
   120     009F                     _ANSEL	set	159
   121     0085                     _TRISIO	set	133
   122     0081                     _OPTION_REG	set	129
   123     008C                     _PIE1bits	set	140
   124                           
   125                           	psect	cinit
   126     000C                     start_initialization:	
   127                           ; #config settings
   128                           
   129     000C                     __initialization:
   130     000C                     end_of_initialization:	
   131                           ;End of C runtime variable initialization code
   132                           
   133     000C                     __end_of__initialization:
   134     000C  0183               	clrf	3
   135     000D  280E               	ljmp	_main	;jump to C main() function
   136                           
   137                           	psect	cstackBANK0
   138     0020                     __pcstackBANK0:
   139     0020                     ?_isr:
   140     0020                     ??_isr:	
   141                           ; 1 bytes @ 0x0
   142                           
   143     0020                     ?_main:	
   144                           ; 1 bytes @ 0x0
   145                           
   146                           
   147                           ; 1 bytes @ 0x0
   148     0020                     	ds	2
   149     0022                     ??_main:
   150                           
   151                           ; 1 bytes @ 0x2
   152     0022                     	ds	3
   153                           
   154                           	psect	maintext
   155     000E                     __pmaintext:	
   156 ;;
   157 ;;Main: autosize = 0, tempsize = 3, incstack = 0, save=0
   158 ;;
   159 ;; *************** function _main *****************
   160 ;; Defined at:
   161 ;;		line 47 in file "main.c"
   162 ;; Parameters:    Size  Location     Type
   163 ;;		None
   164 ;; Auto vars:     Size  Location     Type
   165 ;;		None
   166 ;; Return value:  Size  Location     Type
   167 ;;                  1    wreg      void 
   168 ;; Registers used:
   169 ;;		wreg, status,2, status,0
   170 ;; Tracked objects:
   171 ;;		On entry : B00/0
   172 ;;		On exit  : 0/0
   173 ;;		Unchanged: 0/0
   174 ;; Data sizes:      BANK0
   175 ;;      Params:         0
   176 ;;      Locals:         0
   177 ;;      Temps:          3
   178 ;;      Totals:         3
   179 ;;Total ram usage:        3 bytes
   180 ;; Hardware stack levels required when called: 1
   181 ;; This function calls:
   182 ;;		Nothing
   183 ;; This function is called by:
   184 ;;		Startup code after reset
   185 ;; This function uses a non-reentrant model
   186 ;;
   187                           
   188     000E                     _main:	
   189                           ;psect for function _main
   190                           
   191     000E                     l642:	
   192                           ;incstack = 0
   193                           ; Regs used in _main: [wreg+status,2+status,0]
   194                           
   195                           
   196                           ;main.c: 49:     INTCON = 0;
   197     000E  018B               	clrf	11	;volatile
   198     000F                     l644:
   199                           
   200                           ;main.c: 55:     OPTION_REG = 0b11001111;
   201     000F  30CF               	movlw	207
   202     0010  1683               	bsf	3,5	;RP0=1, select bank1
   203     0011  0081               	movwf	1	;volatile
   204     0012                     l646:
   205                           
   206                           ;main.c: 59:     TRISIO = 0b00001100;
   207     0012  300C               	movlw	12
   208     0013  0085               	movwf	5	;volatile
   209                           
   210                           ;main.c: 60:     GPIO = 0b00000000;
   211     0014  1283               	bcf	3,5	;RP0=0, select bank0
   212     0015  0185               	clrf	5	;volatile
   213                           
   214                           ;main.c: 61:     ANSEL = 0b00000000;
   215     0016  1683               	bsf	3,5	;RP0=1, select bank1
   216     0017  019F               	clrf	31	;volatile
   217     0018                     l648:
   218                           
   219                           ;main.c: 62:     CMCON = 0x07;
   220     0018  3007               	movlw	7
   221     0019  1283               	bcf	3,5	;RP0=0, select bank0
   222     001A  0099               	movwf	25	;volatile
   223     001B                     l650:
   224                           
   225                           ;main.c: 65:     T1CON = 0x3D;
   226     001B  303D               	movlw	61
   227     001C  0090               	movwf	16	;volatile
   228     001D                     l652:
   229                           
   230                           ;main.c: 66:     TMR1H = 11;
   231     001D  300B               	movlw	11
   232     001E  008F               	movwf	15	;volatile
   233     001F                     l654:
   234                           
   235                           ;main.c: 67:     TMR1L = 71;
   236     001F  3047               	movlw	71
   237     0020  008E               	movwf	14	;volatile
   238                           
   239                           ;main.c: 70:     PIR1 = 0;
   240     0021  018C               	clrf	12	;volatile
   241     0022                     l656:
   242                           
   243                           ;main.c: 71:     PIE1 = 0x01;
   244     0022  3001               	movlw	1
   245     0023  1683               	bsf	3,5	;RP0=1, select bank1
   246     0024  008C               	movwf	12	;volatile
   247     0025                     l658:
   248                           
   249                           ;main.c: 72:     INTCON = 0xC0;
   250     0025  30C0               	movlw	192
   251     0026  008B               	movwf	11	;volatile
   252     0027                     l660:
   253                           
   254                           ;main.c: 75:     {;main.c: 76:         GPIObits.GPIO5 = ~GPIObits.GPIO5;
   255     0027  1003               	clrc
   256     0028  1283               	bcf	3,5	;RP0=0, select bank0
   257     0029  1E85               	btfss	5,5	;volatile
   258     002A  1403               	setc
   259     002B  1803               	btfsc	3,0
   260     002C  282E               	goto	u21
   261     002D  2831               	goto	u20
   262     002E                     u21:
   263     002E  1283               	bcf	3,5	;RP0=0, select bank0
   264     002F  1685               	bsf	5,5	;volatile
   265     0030  2833               	goto	u34
   266     0031                     u20:
   267     0031  1283               	bcf	3,5	;RP0=0, select bank0
   268     0032  1285               	bcf	5,5	;volatile
   269     0033                     u34:
   270     0033                     l662:
   271                           
   272                           ;main.c: 77:         _delay((unsigned long)((1000)*(4000000/4000.0)));
   273     0033  3006               	movlw	6
   274     0034  00A4               	movwf	??_main+2
   275     0035  3013               	movlw	19
   276     0036  00A3               	movwf	??_main+1
   277     0037  30AD               	movlw	173
   278     0038  00A2               	movwf	??_main
   279     0039                     u47:
   280     0039  0BA2               	decfsz	??_main,f
   281     003A  2839               	goto	u47
   282     003B  0BA3               	decfsz	??_main+1,f
   283     003C  2839               	goto	u47
   284     003D  0BA4               	decfsz	??_main+2,f
   285     003E  2839               	goto	u47
   286     003F  2840               	nop2
   287     0040  2827               	goto	l660
   288     0041  280B               	ljmp	start
   289     0042                     __end_of_main:
   290                           
   291                           	psect	text1
   292     0042                     __ptext1:	
   293 ;; *************** function _isr *****************
   294 ;; Defined at:
   295 ;;		line 33 in file "main.c"
   296 ;; Parameters:    Size  Location     Type
   297 ;;		None
   298 ;; Auto vars:     Size  Location     Type
   299 ;;		None
   300 ;; Return value:  Size  Location     Type
   301 ;;                  1    wreg      void 
   302 ;; Registers used:
   303 ;;		wreg
   304 ;; Tracked objects:
   305 ;;		On entry : 0/0
   306 ;;		On exit  : 0/0
   307 ;;		Unchanged: 0/0
   308 ;; Data sizes:      BANK0
   309 ;;      Params:         0
   310 ;;      Locals:         0
   311 ;;      Temps:          2
   312 ;;      Totals:         2
   313 ;;Total ram usage:        2 bytes
   314 ;; Hardware stack levels used: 1
   315 ;; This function calls:
   316 ;;		Nothing
   317 ;; This function is called by:
   318 ;;		Interrupt level 1
   319 ;; This function uses a non-reentrant model
   320 ;;
   321                           
   322     0042                     _isr:	
   323                           ;psect for function _isr
   324                           
   325     0042                     i1l636:
   326                           
   327                           ;main.c: 36:     if (PIR1bits.TMR1IF)
   328     0042  1C0C               	btfss	12,0	;volatile
   329     0043  2845               	goto	u1_21
   330     0044  2846               	goto	u1_20
   331     0045                     u1_21:
   332     0045  2850               	goto	i1l36
   333     0046                     u1_20:
   334     0046                     i1l638:
   335     0046  0064               	clrwdt	;# 
   336                           
   337                           ;main.c: 40:         PIR1bits.TMR1IF = 0;
   338     0047  1283               	bcf	3,5	;RP0=0, select bank0
   339     0048  100C               	bcf	12,0	;volatile
   340                           
   341                           ;main.c: 41:         PIE1bits.TMR1IE = 1;
   342     0049  1683               	bsf	3,5	;RP0=1, select bank1
   343     004A  140C               	bsf	12,0	;volatile
   344     004B                     i1l640:
   345                           
   346                           ;main.c: 42:         TMR1H = 11;
   347     004B  300B               	movlw	11
   348     004C  1283               	bcf	3,5	;RP0=0, select bank0
   349     004D  008F               	movwf	15	;volatile
   350                           
   351                           ;main.c: 43:         TMR1L = 71;
   352     004E  3047               	movlw	71
   353     004F  008E               	movwf	14	;volatile
   354     0050                     i1l36:
   355     0050  0821               	movf	??_isr+1,w
   356     0051  008A               	movwf	10
   357     0052  0E20               	swapf	??_isr,w
   358     0053  0083               	movwf	3
   359     0054  0E80               	swapf	btemp,f
   360     0055  0E00               	swapf	btemp,w
   361     0056  0009               	retfie
   362     0057                     __end_of_isr:
   363     0000                     btemp	set	0	;btemp
   364                           
   365                           	psect	intentry
   366     0004                     __pintentry:	
   367                           ;incstack = 0
   368                           ; Regs used in _isr: [wreg]
   369                           
   370     0004                     interrupt_function:
   371     0000                     saved_w	set	btemp
   372     0004  0080               	movwf	btemp
   373     0005  0E03               	swapf	3,w
   374     0006  1283               	bcf	3,5	;RP0=0, select bank0
   375     0007  00A0               	movwf	??_isr
   376     0008  080A               	movf	10,w
   377     0009  00A1               	movwf	??_isr+1
   378     000A  2842               	ljmp	_isr
   379                           
   380                           	psect	config
   381                           
   382                           ;Config register CONFIG @ 0x2007
   383                           ;	Oscillator Selection bits
   384                           ;	FOSC = INTRCIO, INTOSC oscillator: I/O function on GP4/OSC2/CLKOUT pin, I/O function o
      +                          n GP5/OSC1/CLKIN
   385                           ;	Watchdog Timer Enable bit
   386                           ;	WDTE = OFF, WDT disabled
   387                           ;	Power-Up Timer Enable bit
   388                           ;	PWRTE = ON, PWRT enabled
   389                           ;	GP3/MCLR pin function select
   390                           ;	MCLRE = ON, GP3/MCLR pin function is MCLR
   391                           ;	Brown-out Detect Enable bit
   392                           ;	BOREN = ON, BOD enabled
   393                           ;	Code Protection bit
   394                           ;	CP = OFF, Program Memory code protection is disabled
   395                           ;	Data Code Protection bit
   396                           ;	CPD = OFF, Data memory code protection is disabled
   397     2007                     	org	8199
   398     2007  31E4               	dw	12772

Data Sizes:
    Strings     0
    Constant    0
    Data        0
    BSS         0
    Persistent  0
    Stack       0

Auto Spaces:
    Space          Size  Autos    Used
    BANK0            52      5       5

Pointer List with Targets:

    None.

Critical Paths under _main in BANK0

    None.

Critical Paths under _isr in BANK0

    None.

Call Graph Tables:

 ---------------------------------------------------------------------------------
 (Depth) Function   	        Calls       Base Space   Used Autos Params    Refs
 ---------------------------------------------------------------------------------
 (0) _main                                                 3     3      0       0
                                              2 BANK0      3     3      0
 ---------------------------------------------------------------------------------
 Estimated maximum stack depth 0
 ---------------------------------------------------------------------------------
 (Depth) Function   	        Calls       Base Space   Used Autos Params    Refs
 ---------------------------------------------------------------------------------
 (1) _isr                                                  2     2      0       0
                                              0 BANK0      2     2      0
 ---------------------------------------------------------------------------------
 Estimated maximum stack depth 1
 ---------------------------------------------------------------------------------

 Call Graph Graphs:

 _main (ROOT)

 _isr (ROOT)

 Address spaces:
Name               Size   Autos  Total    Cost      Usage
STACK                0      0       0       0        0.0%
EEDATA              80      0       0       0        0.0%
NULL                 0      0       0       0        0.0%
CODE                 0      0       0       0        0.0%
BITBANK0            34      0       0       1        0.0%
BITSFR0              0      0       0       1        0.0%
SFR0                 0      0       0       1        0.0%
BANK0               34      5       5       2        9.6%
BITSFR1              0      0       0       2        0.0%
SFR1                 0      0       0       2        0.0%
ABS                  0      0       0       3        0.0%
DATA                 0      0       0       4        0.0%


Microchip Technology PIC Macro Assembler V2.41 build 20230208172133 
Symbol Table                                                                                   Tue Dec 26 00:58:11 2023

                     u20 0031                       u21 002E                       u34 0033  
                     u47 0039                      l650 001B                      l642 000E  
                    l660 0027                      l652 001D                      l644 000F  
                    l662 0033                      l654 001F                      l646 0012  
                    l656 0022                      l648 0018                      l658 0025  
                    _isr 0042                     ?_isr 0020                     _GPIO 0005  
                   _PIE1 008C                     i1l36 0050                     _PIR1 000C  
                   u1_20 0046                     u1_21 0045                     _main 000E  
                   btemp 0000                     start 000B                    ??_isr 0020  
                  ?_main 0020                    _CMCON 0019                    _ANSEL 009F  
                  _T1CON 0010                    i1l640 004B                    i1l636 0042  
                  i1l638 0046                    _TMR1H 000F                    _TMR1L 000E  
                  pclath 000A                    status 0003          __initialization 000C  
           __end_of_main 0042                   ??_main 0022                   _INTCON 000B  
                 _TRISIO 0085                   saved_w 0000  __end_of__initialization 000C  
             __pmaintext 000E               __pintentry 0004                  __ptext1 0042  
   end_of_initialization 000C      start_initialization 000C              __end_of_isr 0057  
              ___latbits 0000            __pcstackBANK0 0020        interrupt_function 0004  
               _GPIObits 0005                 _PIE1bits 008C                 _PIR1bits 000C  
               intlevel1 0000               _OPTION_REG 0081  
